TN:
SF:auditLogMoverHelper.ts
FN:17,(anonymous_1)
FN:20,(anonymous_2)
FN:27,(anonymous_3)
FN:32,(anonymous_4)
FN:47,(anonymous_5)
FN:50,(anonymous_6)
FN:62,(anonymous_7)
FN:64,(anonymous_8)
FN:77,(anonymous_9)
FN:95,(anonymous_10)
FN:109,(anonymous_11)
FN:127,(anonymous_12)
FNF:12
FNH:12
FNDA:2,(anonymous_1)
FNDA:2,(anonymous_2)
FNDA:2,(anonymous_3)
FNDA:5,(anonymous_4)
FNDA:2,(anonymous_5)
FNDA:2,(anonymous_6)
FNDA:2,(anonymous_7)
FNDA:2,(anonymous_8)
FNDA:2,(anonymous_9)
FNDA:2,(anonymous_10)
FNDA:4,(anonymous_11)
FNDA:8,(anonymous_12)
DA:6,2
DA:7,2
DA:16,2
DA:18,2
DA:21,2
DA:25,2
DA:27,2
DA:29,2
DA:33,5
DA:34,1
DA:36,4
DA:38,4
DA:39,4
DA:40,6
DA:41,6
DA:44,4
DA:48,2
DA:49,2
DA:51,2
DA:57,2
DA:61,2
DA:62,2
DA:63,2
DA:64,2
DA:67,2
DA:68,2
DA:74,2
DA:78,2
DA:84,2
DA:86,2
DA:87,2
DA:88,2
DA:89,0
DA:91,2
DA:93,2
DA:94,2
DA:95,2
DA:96,2
DA:103,2
DA:106,2
DA:110,4
DA:111,4
DA:113,2
DA:114,2
DA:116,2
DA:117,2
DA:120,4
DA:121,4
DA:123,0
DA:133,8
DA:134,8
DA:152,8
DA:153,8
LF:53
LH:51
BRDA:33,0,0,1
BRDA:33,0,1,4
BRDA:63,1,0,2
BRDA:63,1,1,0
BRDA:67,2,0,2
BRDA:67,2,1,0
BRDA:88,3,0,0
BRDA:88,3,1,2
BRDA:94,4,0,2
BRDA:94,4,1,0
BRDA:94,5,0,2
BRDA:94,5,1,2
BRDA:103,6,0,2
BRDA:103,6,1,2
BRDA:111,7,0,2
BRDA:111,7,1,2
BRDA:133,8,0,4
BRDA:133,8,1,4
BRF:18
BRH:14
end_of_record
TN:
SF:handler.ts
FN:22,(anonymous_1)
FN:39,(anonymous_2)
FN:68,(anonymous_3)
FN:91,(anonymous_4)
FN:99,(anonymous_5)
FNF:5
FNH:5
FNDA:2,(anonymous_1)
FNDA:2,(anonymous_2)
FNDA:2,(anonymous_3)
FNDA:1,(anonymous_4)
FNDA:1,(anonymous_5)
DA:6,1
DA:7,1
DA:8,1
DA:10,1
DA:11,1
DA:12,1
DA:14,1
DA:15,1
DA:22,1
DA:25,2
DA:26,2
DA:30,2
DA:32,2
DA:37,2
DA:38,2
DA:39,2
DA:40,2
DA:41,2
DA:49,2
DA:50,2
DA:53,2
DA:54,2
DA:55,1
DA:56,1
DA:61,1
DA:62,1
DA:63,1
DA:64,1
DA:68,1
DA:71,2
DA:72,2
DA:74,2
DA:76,2
DA:81,2
DA:82,1
DA:83,1
DA:84,1
DA:87,1
DA:88,1
DA:89,1
DA:90,1
DA:91,1
DA:92,1
DA:98,1
DA:99,1
DA:100,1
DA:104,1
DA:107,1
DA:108,1
DA:109,1
DA:110,1
DA:114,0
DA:115,0
DA:116,0
LF:54
LH:51
BRDA:10,0,0,1
BRDA:10,0,1,1
BRDA:11,1,0,1
BRDA:11,1,1,1
BRDA:12,2,0,1
BRDA:12,2,1,1
BRDA:81,3,0,1
BRDA:81,3,1,1
BRDA:93,4,0,1
BRDA:93,4,1,1
BRF:10
BRH:10
end_of_record
