TN:
SF:src/implementationGuides/IGCompiler.ts
FN:16,loadJson
FN:20,storeJson
FN:24,listIgDirs
FN:26,(anonymous_4)
FN:33,(anonymous_5)
FN:61,(anonymous_6)
FN:71,(anonymous_7)
FN:98,(anonymous_8)
FN:120,(anonymous_9)
FN:127,(anonymous_10)
FN:153,(anonymous_11)
FN:169,(anonymous_12)
FN:179,(anonymous_13)
FNF:13
FNH:13
FNDA:33,loadJson
FNDA:57,storeJson
FNDA:3,listIgDirs
FNDA:11,(anonymous_4)
FNDA:11,(anonymous_5)
FNDA:3,(anonymous_6)
FNDA:8,(anonymous_7)
FNDA:3,(anonymous_8)
FNDA:27,(anonymous_9)
FNDA:11,(anonymous_10)
FNDA:3,(anonymous_11)
FNDA:3,(anonymous_12)
FNDA:14,(anonymous_13)
DA:1,1
DA:2,1
DA:3,1
DA:10,1
DA:11,1
DA:12,1
DA:14,1
DA:16,1
DA:17,33
DA:20,1
DA:21,57
DA:25,3
DA:27,11
DA:34,11
DA:54,1
DA:66,3
DA:67,3
DA:68,3
DA:75,8
DA:76,8
DA:77,0
DA:79,8
DA:80,8
DA:81,8
DA:82,32
DA:83,12
DA:84,12
DA:85,12
DA:88,8
DA:99,3
DA:100,0
DA:102,3
DA:103,3
DA:105,1
DA:106,1
DA:107,1
DA:108,4
DA:109,4
DA:113,1
DA:114,1
DA:116,1
DA:117,1
DA:121,27
DA:122,9
DA:124,18
DA:128,11
DA:129,11
DA:130,0
DA:132,11
DA:133,11
DA:134,11
DA:135,11
DA:143,11
DA:144,11
DA:145,11
DA:146,16
DA:147,16
DA:150,11
DA:154,3
DA:155,3
DA:156,11
DA:157,11
DA:158,11
DA:159,1
DA:163,10
DA:166,3
DA:170,3
DA:171,3
DA:172,10
DA:174,3
DA:175,6
DA:180,14
DA:181,14
DA:182,14
DA:183,1
DA:185,13
DA:186,19
DA:187,1
DA:189,18
DA:190,8
DA:191,8
DA:192,4
LF:82
LH:79
BRDA:28,0,0,11
BRDA:28,0,1,0
BRDA:28,0,2,0
BRDA:76,1,0,0
BRDA:76,1,1,8
BRDA:82,2,0,12
BRDA:82,2,1,20
BRDA:99,3,0,0
BRDA:99,3,1,3
BRDA:121,4,0,9
BRDA:121,4,1,18
BRDA:129,5,0,0
BRDA:129,5,1,11
BRDA:144,6,0,11
BRDA:144,6,1,0
BRDA:158,7,0,1
BRDA:158,7,1,10
BRDA:182,8,0,1
BRDA:182,8,1,13
BRDA:186,9,0,1
BRDA:186,9,1,18
BRDA:189,10,0,8
BRDA:189,10,1,10
BRF:23
BRH:17
end_of_record
